<?xml version="1.0" encoding="UTF-8"?>
<testsuite name="com.assignm.last.converter_susannef.BasicConverterTest" time="0.539" tests="18" errors="0" skipped="0" failures="0">
  <properties>
    <property name="java.runtime.name" value="Java(TM) SE Runtime Environment"/>
    <property name="sun.boot.library.path" value="/usr/lib/jvm/java-8-oracle/jre/lib/amd64"/>
    <property name="java.vm.version" value="25.144-b01"/>
    <property name="java.vm.vendor" value="Oracle Corporation"/>
    <property name="maven.multiModuleProjectDirectory" value="/home/susanne/eclipse-workspace/converter-susannef"/>
    <property name="java.vendor.url" value="http://java.oracle.com/"/>
    <property name="path.separator" value=":"/>
    <property name="guice.disable.misplaced.annotation.check" value="true"/>
    <property name="java.vm.name" value="Java HotSpot(TM) 64-Bit Server VM"/>
    <property name="file.encoding.pkg" value="sun.io"/>
    <property name="user.country" value="US"/>
    <property name="sun.java.launcher" value="SUN_STANDARD"/>
    <property name="sun.os.patch.level" value="unknown"/>
    <property name="java.vm.specification.name" value="Java Virtual Machine Specification"/>
    <property name="user.dir" value="/home/susanne/eclipse-workspace/converter-susannef"/>
    <property name="java.runtime.version" value="1.8.0_144-b01"/>
    <property name="java.awt.graphicsenv" value="sun.awt.X11GraphicsEnvironment"/>
    <property name="java.endorsed.dirs" value="/usr/lib/jvm/java-8-oracle/jre/lib/endorsed"/>
    <property name="os.arch" value="amd64"/>
    <property name="java.io.tmpdir" value="/tmp"/>
    <property name="line.separator" value="&#10;"/>
    <property name="java.vm.specification.vendor" value="Oracle Corporation"/>
    <property name="os.name" value="Linux"/>
    <property name="classworlds.conf" value="/home/susanne/eclipse-workspace/.metadata/.plugins/org.eclipse.m2e.launching/launches/m2conf3108273444757980885.tmp"/>
    <property name="sun.jnu.encoding" value="UTF-8"/>
    <property name="java.library.path" value="/usr/java/packages/lib/amd64:/usr/lib64:/lib64:/lib:/usr/lib"/>
    <property name="java.specification.name" value="Java Platform API Specification"/>
    <property name="java.class.version" value="52.0"/>
    <property name="sun.management.compiler" value="HotSpot 64-Bit Tiered Compilers"/>
    <property name="os.version" value="4.4.0-31-generic"/>
    <property name="user.home" value="/home/susanne"/>
    <property name="user.timezone" value="Europe/Stockholm"/>
    <property name="java.awt.printerjob" value="sun.print.PSPrinterJob"/>
    <property name="file.encoding" value="UTF-8"/>
    <property name="java.specification.version" value="1.8"/>
    <property name="user.name" value="susanne"/>
    <property name="java.class.path" value="/home/susanne/.p2/pool/plugins/org.eclipse.m2e.maven.runtime_1.8.2.20171007-0216/jars/plexus-classworlds-2.5.2.jar"/>
    <property name="java.vm.specification.version" value="1.8"/>
    <property name="sun.arch.data.model" value="64"/>
    <property name="java.home" value="/usr/lib/jvm/java-8-oracle/jre"/>
    <property name="sun.java.command" value="org.codehaus.plexus.classworlds.launcher.Launcher -B test"/>
    <property name="java.specification.vendor" value="Oracle Corporation"/>
    <property name="user.language" value="en"/>
    <property name="awt.toolkit" value="sun.awt.X11.XToolkit"/>
    <property name="java.vm.info" value="mixed mode"/>
    <property name="java.version" value="1.8.0_144"/>
    <property name="java.ext.dirs" value="/usr/lib/jvm/java-8-oracle/jre/lib/ext:/usr/java/packages/lib/ext"/>
    <property name="securerandom.source" value="file:/dev/./urandom"/>
    <property name="sun.boot.class.path" value="/usr/lib/jvm/java-8-oracle/jre/lib/resources.jar:/usr/lib/jvm/java-8-oracle/jre/lib/rt.jar:/usr/lib/jvm/java-8-oracle/jre/lib/sunrsasign.jar:/usr/lib/jvm/java-8-oracle/jre/lib/jsse.jar:/usr/lib/jvm/java-8-oracle/jre/lib/jce.jar:/usr/lib/jvm/java-8-oracle/jre/lib/charsets.jar:/usr/lib/jvm/java-8-oracle/jre/lib/jfr.jar:/usr/lib/jvm/java-8-oracle/jre/classes"/>
    <property name="java.vendor" value="Oracle Corporation"/>
    <property name="maven.home" value="/home/susanne/eclipse-workspace/converter-susannef/EMBEDDED"/>
    <property name="file.separator" value="/"/>
    <property name="java.vendor.url.bug" value="http://bugreport.sun.com/bugreport/"/>
    <property name="sun.cpu.endian" value="little"/>
    <property name="sun.io.unicode.encoding" value="UnicodeLittle"/>
    <property name="sun.desktop" value="gnome"/>
    <property name="sun.cpu.isalist" value=""/>
  </properties>
  <testcase name="testMeterPositieNumber on testMeterPositieNumber(com.assignm.last.converter_susannef.BasicConverterTest)" classname="com.assignm.last.converter_susannef.BasicConverterTest" time="0.023"/>
  <testcase name="testAlnZero on testAlnZero(com.assignm.last.converter_susannef.BasicConverterTest)" classname="com.assignm.last.converter_susannef.BasicConverterTest" time="0.027"/>
  <testcase name="testMeterNegatieNumber on testMeterNegatieNumber(com.assignm.last.converter_susannef.BasicConverterTest)" classname="com.assignm.last.converter_susannef.BasicConverterTest" time="0.024"/>
  <testcase name="testFotZero on testFotZero(com.assignm.last.converter_susannef.BasicConverterTest)" classname="com.assignm.last.converter_susannef.BasicConverterTest" time="0.042"/>
  <testcase name="testDecimeterNegativeNumber on testDecimeterNegativeNumber(com.assignm.last.converter_susannef.BasicConverterTest)" classname="com.assignm.last.converter_susannef.BasicConverterTest" time="0.047"/>
  <testcase name="testCentimeterZero on testCentimeterZero(com.assignm.last.converter_susannef.BasicConverterTest)" classname="com.assignm.last.converter_susannef.BasicConverterTest" time="0.062"/>
  <testcase name="testMeterZero on testMeterZero(com.assignm.last.converter_susannef.BasicConverterTest)" classname="com.assignm.last.converter_susannef.BasicConverterTest" time="0.036"/>
  <testcase name="testDecimeterPositiveNumber on testDecimeterPositiveNumber(com.assignm.last.converter_susannef.BasicConverterTest)" classname="com.assignm.last.converter_susannef.BasicConverterTest" time="0.072"/>
  <testcase name="testMilimeterZero on testMilimeterZero(com.assignm.last.converter_susannef.BasicConverterTest)" classname="com.assignm.last.converter_susannef.BasicConverterTest" time="0.018"/>
  <testcase name="testMilimeterNegativeNumber on testMilimeterNegativeNumber(com.assignm.last.converter_susannef.BasicConverterTest)" classname="com.assignm.last.converter_susannef.BasicConverterTest" time="0.031"/>
  <testcase name="testAlnNegativeNumber on testAlnNegativeNumber(com.assignm.last.converter_susannef.BasicConverterTest)" classname="com.assignm.last.converter_susannef.BasicConverterTest" time="0.032"/>
  <testcase name="testMilimeterPositiveNumber on testMilimeterPositiveNumber(com.assignm.last.converter_susannef.BasicConverterTest)" classname="com.assignm.last.converter_susannef.BasicConverterTest" time="0.011"/>
  <testcase name="testCentimeterNegativeNumber on testCentimeterNegativeNumber(com.assignm.last.converter_susannef.BasicConverterTest)" classname="com.assignm.last.converter_susannef.BasicConverterTest" time="0.011"/>
  <testcase name="testAlnPositiveNumber on testAlnPositiveNumber(com.assignm.last.converter_susannef.BasicConverterTest)" classname="com.assignm.last.converter_susannef.BasicConverterTest" time="0.006"/>
  <testcase name="testDecimeterZero on testDecimeterZero(com.assignm.last.converter_susannef.BasicConverterTest)" classname="com.assignm.last.converter_susannef.BasicConverterTest" time="0.017"/>
  <testcase name="testCentimeterPositiveNumber on testCentimeterPositiveNumber(com.assignm.last.converter_susannef.BasicConverterTest)" classname="com.assignm.last.converter_susannef.BasicConverterTest" time="0.044"/>
  <testcase name="testFotNegatieNumber on testFotNegatieNumber(com.assignm.last.converter_susannef.BasicConverterTest)" classname="com.assignm.last.converter_susannef.BasicConverterTest" time="0.017"/>
  <testcase name="testFotPositiveNumber on testFotPositiveNumber(com.assignm.last.converter_susannef.BasicConverterTest)" classname="com.assignm.last.converter_susannef.BasicConverterTest" time="0.019"/>
</testsuite>