<?xml version="1.0" encoding="UTF-8"?>
<!-- Generated by org.testng.reporters.JUnitReportReporter -->
<testsuite hostname="susanne-VirtualBox" name="com.assignm.last.converter_susannef.BasicConverterTest" tests="18" failures="0" timestamp="11 Dec 2017 12:25:41 GMT" time="0.739" errors="0">
  <testcase name="testAlnNegativeNumber" time="0.030" classname="com.assignm.last.converter_susannef.BasicConverterTest"/>
  <testcase name="testCentimeterNegativeNumber" time="0.025" classname="com.assignm.last.converter_susannef.BasicConverterTest"/>
  <testcase name="testMeterPositieNumber" time="0.109" classname="com.assignm.last.converter_susannef.BasicConverterTest"/>
  <testcase name="testCentimeterZero" time="0.050" classname="com.assignm.last.converter_susannef.BasicConverterTest"/>
  <testcase name="testDecimeterNegativeNumber" time="0.039" classname="com.assignm.last.converter_susannef.BasicConverterTest"/>
  <testcase name="testDecimeterPositiveNumber" time="0.084" classname="com.assignm.last.converter_susannef.BasicConverterTest"/>
  <testcase name="testFotZero" time="0.054" classname="com.assignm.last.converter_susannef.BasicConverterTest"/>
  <testcase name="testMeterNegatieNumber" time="0.067" classname="com.assignm.last.converter_susannef.BasicConverterTest"/>
  <testcase name="testMeterZero" time="0.008" classname="com.assignm.last.converter_susannef.BasicConverterTest"/>
  <testcase name="testMilimeterZero" time="0.048" classname="com.assignm.last.converter_susannef.BasicConverterTest"/>
  <testcase name="testAlnZero" time="0.079" classname="com.assignm.last.converter_susannef.BasicConverterTest"/>
  <testcase name="testMilimeterPositiveNumber" time="0.022" classname="com.assignm.last.converter_susannef.BasicConverterTest"/>
  <testcase name="testDecimeterZero" time="0.031" classname="com.assignm.last.converter_susannef.BasicConverterTest"/>
  <testcase name="testMilimeterNegativeNumber" time="0.024" classname="com.assignm.last.converter_susannef.BasicConverterTest"/>
  <testcase name="testAlnPositiveNumber" time="0.024" classname="com.assignm.last.converter_susannef.BasicConverterTest"/>
  <testcase name="testFotNegatieNumber" time="0.022" classname="com.assignm.last.converter_susannef.BasicConverterTest"/>
  <testcase name="testCentimeterPositiveNumber" time="0.013" classname="com.assignm.last.converter_susannef.BasicConverterTest"/>
  <testcase name="testFotPositiveNumber" time="0.010" classname="com.assignm.last.converter_susannef.BasicConverterTest"/>
</testsuite> <!-- com.assignm.last.converter_susannef.BasicConverterTest -->
