<?xml version="1.0" encoding="UTF-8"?>
<!-- Generated by org.testng.reporters.JUnitReportReporter -->
<testsuite hostname="susanne-VirtualBox" name="com.assignm.last.converter_susannef.BasicConverterTest" tests="18" failures="0" timestamp="11 Dec 2017 13:06:56 GMT" time="0.532" errors="0">
  <testcase name="testMeterZero" time="0.036" classname="com.assignm.last.converter_susannef.BasicConverterTest"/>
  <testcase name="testDecimeterNegativeNumber" time="0.049" classname="com.assignm.last.converter_susannef.BasicConverterTest"/>
  <testcase name="testCentimeterNegativeNumber" time="0.012" classname="com.assignm.last.converter_susannef.BasicConverterTest"/>
  <testcase name="testFotNegatieNumber" time="0.016" classname="com.assignm.last.converter_susannef.BasicConverterTest"/>
  <testcase name="testAlnZero" time="0.027" classname="com.assignm.last.converter_susannef.BasicConverterTest"/>
  <testcase name="testMilimeterNegativeNumber" time="0.031" classname="com.assignm.last.converter_susannef.BasicConverterTest"/>
  <testcase name="testCentimeterPositiveNumber" time="0.045" classname="com.assignm.last.converter_susannef.BasicConverterTest"/>
  <testcase name="testMilimeterPositiveNumber" time="0.011" classname="com.assignm.last.converter_susannef.BasicConverterTest"/>
  <testcase name="testDecimeterZero" time="0.018" classname="com.assignm.last.converter_susannef.BasicConverterTest"/>
  <testcase name="testDecimeterPositiveNumber" time="0.069" classname="com.assignm.last.converter_susannef.BasicConverterTest"/>
  <testcase name="testFotPositiveNumber" time="0.019" classname="com.assignm.last.converter_susannef.BasicConverterTest"/>
  <testcase name="testAlnPositiveNumber" time="0.007" classname="com.assignm.last.converter_susannef.BasicConverterTest"/>
  <testcase name="testMeterNegatieNumber" time="0.022" classname="com.assignm.last.converter_susannef.BasicConverterTest"/>
  <testcase name="testMeterPositieNumber" time="0.026" classname="com.assignm.last.converter_susannef.BasicConverterTest"/>
  <testcase name="testAlnNegativeNumber" time="0.030" classname="com.assignm.last.converter_susannef.BasicConverterTest"/>
  <testcase name="testCentimeterZero" time="0.060" classname="com.assignm.last.converter_susannef.BasicConverterTest"/>
  <testcase name="testMilimeterZero" time="0.021" classname="com.assignm.last.converter_susannef.BasicConverterTest"/>
  <testcase name="testFotZero" time="0.033" classname="com.assignm.last.converter_susannef.BasicConverterTest"/>
</testsuite> <!-- com.assignm.last.converter_susannef.BasicConverterTest -->
