<?xml version="1.0" encoding="UTF-8"?>
<!-- Generated by org.testng.reporters.JUnitReportReporter -->
<testsuite hostname="susanne-VirtualBox" name="com.assignm.last.converter_susannef.BasicConverterTest" tests="6" failures="0" timestamp="7 Dec 2017 13:07:48 GMT" time="0.046" errors="0">
  <testcase name="testMil" time="0.015" classname="com.assignm.last.converter_susannef.BasicConverterTest"/>
  <testcase name="testDecimeter" time="0.005" classname="com.assignm.last.converter_susannef.BasicConverterTest"/>
  <testcase name="testKilometer" time="0.008" classname="com.assignm.last.converter_susannef.BasicConverterTest"/>
  <testcase name="testCentimeter" time="0.008" classname="com.assignm.last.converter_susannef.BasicConverterTest"/>
  <testcase name="testMeter" time="0.004" classname="com.assignm.last.converter_susannef.BasicConverterTest"/>
  <testcase name="testMilimeter" time="0.006" classname="com.assignm.last.converter_susannef.BasicConverterTest"/>
</testsuite> <!-- com.assignm.last.converter_susannef.BasicConverterTest -->
